PyMOL_figures/pdbs/clean/1a2k.pdb
PyMOL_figures/pdbs/clean/1i2m.pdb
PyMOL_figures/pdbs/clean/1ibr.pdb
PyMOL_figures/pdbs/clean/1k5d.pdb
PyMOL_figures/pdbs/clean/1k5d1.pdb
PyMOL_figures/pdbs/clean/1k5g.pdb
PyMOL_figures/pdbs/clean/1k5g1.pdb
PyMOL_figures/pdbs/clean/1qbk.pdb
PyMOL_figures/pdbs/clean/1rrp.pdb
PyMOL_figures/pdbs/clean/1wa5.pdb
PyMOL_figures/pdbs/clean/1wa51.pdb
PyMOL_figures/pdbs/clean/2bku.pdb
PyMOL_figures/pdbs/clean/2x19.pdb
PyMOL_figures/pdbs/clean/3a6p.pdb
PyMOL_figures/pdbs/clean/3ch5.pdb
PyMOL_figures/pdbs/clean/3ea5.pdb
PyMOL_figures/pdbs/clean/3gj0.pdb
PyMOL_figures/pdbs/clean/3gjx.pdb
PyMOL_figures/pdbs/clean/3icq.pdb
PyMOL_figures/pdbs/clean/3m1i.pdb
PyMOL_figures/pdbs/clean/3m1i1.pdb
PyMOL_figures/pdbs/clean/3nc1.pdb
PyMOL_figures/pdbs/clean/3w3z.pdb
PyMOL_figures/pdbs/clean/3wyf.pdb
PyMOL_figures/pdbs/clean/3wyf1.pdb
PyMOL_figures/pdbs/clean/4hb2.pdb
PyMOL_figures/pdbs/clean/4hb21.pdb
PyMOL_figures/pdbs/clean/4ol0.pdb
PyMOL_figures/pdbs/clean/5dlq.pdb
